   1               		.file	"cmcontrol.c"
   2               	__SREG__ = 0x3f
   3               	__SP_H__ = 0x3e
   4               	__SP_L__ = 0x3d
   5               	__CCP__  = 0x34
   6               	__tmp_reg__ = 0
   7               	__zero_reg__ = 1
   8               		.text
   9               	.global	__vector_11
  11               	__vector_11:
  12 0000 1F92      		push __zero_reg__
  13 0002 0F92      		push r0
  14 0004 0FB6      		in r0,__SREG__
  15 0006 0F92      		push r0
  16 0008 1124      		clr __zero_reg__
  17 000a 8F93      		push r24
  18 000c 9F93      		push r25
  19               	/* prologue: Signal */
  20               	/* frame size = 0 */
  21 000e 8091 0000 		lds r24,timer_cnt
  22 0012 9091 0000 		lds r25,(timer_cnt)+1
  23 0016 892B      		or r24,r25
  24 0018 01F0      		breq .L2
  25 001a 8091 0000 		lds r24,timer_cnt
  26 001e 9091 0000 		lds r25,(timer_cnt)+1
  27 0022 0197      		sbiw r24,1
  28 0024 9093 0000 		sts (timer_cnt)+1,r25
  29 0028 8093 0000 		sts timer_cnt,r24
  30 002c 00C0      		rjmp .L4
  31               	.L2:
  32 002e 1092 0000 		sts timer_on,__zero_reg__
  33               	.L4:
  34               	/* epilogue start */
  35 0032 9F91      		pop r25
  36 0034 8F91      		pop r24
  37 0036 0F90      		pop r0
  38 0038 0FBE      		out __SREG__,r0
  39 003a 0F90      		pop r0
  40 003c 1F90      		pop __zero_reg__
  41 003e 1895      		reti
  43               	.global	__vector_18
  45               	__vector_18:
  46 0040 1F92      		push __zero_reg__
  47 0042 0F92      		push r0
  48 0044 0FB6      		in r0,__SREG__
  49 0046 0F92      		push r0
  50 0048 1124      		clr __zero_reg__
  51 004a 8F93      		push r24
  52 004c 9F93      		push r25
  53 004e EF93      		push r30
  54 0050 FF93      		push r31
  55               	/* prologue: Signal */
  56               	/* frame size = 0 */
  57 0052 9091 C600 		lds r25,198
  58 0056 8091 0000 		lds r24,doRelay
  59 005a 8823      		tst r24
  60 005c 01F0      		breq .L6
  61 005e 8091 0000 		lds r24,receiveIndex
  62 0062 8034      		cpi r24,lo8(64)
  63 0064 00F4      		brsh .L8
  64 0066 8091 0000 		lds r24,receiveIndex
  65 006a E82F      		mov r30,r24
  66 006c F0E0      		ldi r31,lo8(0)
  67 006e E050      		subi r30,lo8(-(receiveBuffer))
  68 0070 F040      		sbci r31,hi8(-(receiveBuffer))
  69 0072 9083      		st Z,r25
  70 0074 8F5F      		subi r24,lo8(-(1))
  71 0076 8093 0000 		sts receiveIndex,r24
  72 007a 00C0      		rjmp .L8
  73               	.L6:
  74 007c 8091 0000 		lds r24,sensors_flag
  75 0080 8823      		tst r24
  76 0082 01F0      		breq .L8
  77 0084 8091 0000 		lds r24,sensors_index
  78 0088 E82F      		mov r30,r24
  79 008a F0E0      		ldi r31,lo8(0)
  80 008c E050      		subi r30,lo8(-(sensors_in))
  81 008e F040      		sbci r31,hi8(-(sensors_in))
  82 0090 9083      		st Z,r25
  83 0092 8F5F      		subi r24,lo8(-(1))
  84 0094 8093 0000 		sts sensors_index,r24
  85 0098 8091 0000 		lds r24,sensors_index
  86 009c 8433      		cpi r24,lo8(52)
  87 009e 00F0      		brlo .L8
  88 00a0 1092 0000 		sts sensors_flag,__zero_reg__
  89               	.L8:
  90               	/* epilogue start */
  91 00a4 FF91      		pop r31
  92 00a6 EF91      		pop r30
  93 00a8 9F91      		pop r25
  94 00aa 8F91      		pop r24
  95 00ac 0F90      		pop r0
  96 00ae 0FBE      		out __SREG__,r0
  97 00b0 0F90      		pop r0
  98 00b2 1F90      		pop __zero_reg__
  99 00b4 1895      		reti
 101               	.global	isBumped
 103               	isBumped:
 104               	/* prologue: function */
 105               	/* frame size = 0 */
 106 00b6 8091 0000 		lds r24,sensors+2
 107 00ba 8823      		tst r24
 108 00bc 01F4      		brne .L10
 109 00be 8091 0000 		lds r24,sensors+3
 110 00c2 8823      		tst r24
 111 00c4 01F4      		brne .L10
 112 00c6 8091 0000 		lds r24,sensors+4
 113 00ca 8823      		tst r24
 114 00cc 01F4      		brne .L10
 115 00ce 8091 0000 		lds r24,sensors+5
 116 00d2 8823      		tst r24
 117 00d4 01F4      		brne .L10
 118 00d6 8091 0000 		lds r24,sensors
 119 00da 90E0      		ldi r25,lo8(0)
 120 00dc 8370      		andi r24,lo8(3)
 121 00de 9070      		andi r25,hi8(3)
 122 00e0 892B      		or r24,r25
 123 00e2 01F4      		brne .L10
 124 00e4 8091 0000 		lds r24,customSensors
 125 00e8 9091 0000 		lds r25,(customSensors)+1
 126 00ec 8D52      		subi r24,lo8(301)
 127 00ee 9140      		sbci r25,hi8(301)
 128 00f0 00F4      		brsh .L10
 129 00f2 8091 0000 		lds r24,customSensors+2
 130 00f6 9091 0000 		lds r25,(customSensors+2)+1
 131 00fa 0D97      		sbiw r24,13
 132 00fc 00F0      		brlo .L11
 133 00fe 80E0      		ldi r24,lo8(0)
 134 0100 90E0      		ldi r25,hi8(0)
 135 0102 0895      		ret
 136               	.L11:
 137 0104 8091 0000 		lds r24,customSensors+2
 138 0108 9091 0000 		lds r25,(customSensors+2)+1
 139 010c 20E0      		ldi r18,lo8(0)
 140 010e 30E0      		ldi r19,hi8(0)
 141 0110 8F5F      		subi r24,lo8(-1)
 142 0112 9F4F      		sbci r25,hi8(-1)
 143 0114 01F0      		breq .L13
 144 0116 21E0      		ldi r18,lo8(1)
 145 0118 30E0      		ldi r19,hi8(1)
 146               	.L13:
 147 011a C901      		movw r24,r18
 148 011c 0895      		ret
 149               	.L10:
 150 011e 81E0      		ldi r24,lo8(1)
 151 0120 90E0      		ldi r25,hi8(1)
 152 0122 0895      		ret
 154               	.global	drive
 156               	drive:
 157               	/* prologue: function */
 158               	/* frame size = 0 */
 159 0124 282F      		mov r18,r24
 160               	.L16:
 161 0126 8091 C000 		lds r24,192
 162 012a 85FF      		sbrs r24,5
 163 012c 00C0      		rjmp .L16
 164 012e 89E8      		ldi r24,lo8(-119)
 165 0130 8093 C600 		sts 198,r24
 166               	.L17:
 167 0134 8091 C000 		lds r24,192
 168 0138 85FF      		sbrs r24,5
 169 013a 00C0      		rjmp .L17
 170 013c 9093 C600 		sts 198,r25
 171               	.L18:
 172 0140 8091 C000 		lds r24,192
 173 0144 85FF      		sbrs r24,5
 174 0146 00C0      		rjmp .L18
 175 0148 2093 C600 		sts 198,r18
 176               	.L19:
 177 014c 8091 C000 		lds r24,192
 178 0150 85FF      		sbrs r24,5
 179 0152 00C0      		rjmp .L19
 180 0154 7093 C600 		sts 198,r23
 181               	.L20:
 182 0158 8091 C000 		lds r24,192
 183 015c 85FF      		sbrs r24,5
 184 015e 00C0      		rjmp .L20
 185 0160 6093 C600 		sts 198,r22
 186               	/* epilogue start */
 187 0164 0895      		ret
 189               	.global	driveDirect
 191               	driveDirect:
 192               	/* prologue: function */
 193               	/* frame size = 0 */
 194 0166 282F      		mov r18,r24
 195               	.L28:
 196 0168 8091 C000 		lds r24,192
 197 016c 85FF      		sbrs r24,5
 198 016e 00C0      		rjmp .L28
 199 0170 81E9      		ldi r24,lo8(-111)
 200 0172 8093 C600 		sts 198,r24
 201               	.L29:
 202 0176 8091 C000 		lds r24,192
 203 017a 85FF      		sbrs r24,5
 204 017c 00C0      		rjmp .L29
 205 017e 9093 C600 		sts 198,r25
 206               	.L30:
 207 0182 8091 C000 		lds r24,192
 208 0186 85FF      		sbrs r24,5
 209 0188 00C0      		rjmp .L30
 210 018a 2093 C600 		sts 198,r18
 211               	.L31:
 212 018e 8091 C000 		lds r24,192
 213 0192 85FF      		sbrs r24,5
 214 0194 00C0      		rjmp .L31
 215 0196 7093 C600 		sts 198,r23
 216               	.L32:
 217 019a 8091 C000 		lds r24,192
 218 019e 85FF      		sbrs r24,5
 219 01a0 00C0      		rjmp .L32
 220 01a2 6093 C600 		sts 198,r22
 221               	/* epilogue start */
 222 01a6 0895      		ret
 224               	.global	byteTx
 226               	byteTx:
 227               	/* prologue: function */
 228               	/* frame size = 0 */
 229 01a8 982F      		mov r25,r24
 230               	.L40:
 231 01aa 8091 C000 		lds r24,192
 232 01ae 85FF      		sbrs r24,5
 233 01b0 00C0      		rjmp .L40
 234 01b2 9093 C600 		sts 198,r25
 235               	/* epilogue start */
 236 01b6 0895      		ret
 238               	.global	checkLocalAck
 240               	checkLocalAck:
 241               	/* prologue: function */
 242               	/* frame size = 0 */
 243 01b8 982F      		mov r25,r24
 244 01ba 8091 0000 		lds r24,localAckIndex
 245 01be 80FD      		sbrc r24,0
 246 01c0 00C0      		rjmp .L44
 247 01c2 9739      		cpi r25,lo8(-105)
 248 01c4 01F0      		breq .L45
 249               	.L44:
 250 01c6 8091 0000 		lds r24,localAckIndex
 251 01ca 80FF      		sbrs r24,0
 252 01cc 00C0      		rjmp .L46
 253 01ce 9938      		cpi r25,lo8(-119)
 254 01d0 01F4      		brne .L46
 255               	.L45:
 256 01d2 8091 0000 		lds r24,localAckIndex
 257 01d6 8F5F      		subi r24,lo8(-(1))
 258 01d8 8093 0000 		sts localAckIndex,r24
 259 01dc 00C0      		rjmp .L47
 260               	.L46:
 261 01de 1092 0000 		sts localAckIndex,__zero_reg__
 262               	.L47:
 263 01e2 8091 0000 		lds r24,localAckIndex
 264 01e6 90E0      		ldi r25,lo8(0)
 265 01e8 8630      		cpi r24,lo8(6)
 266 01ea 01F4      		brne .L48
 267 01ec 91E0      		ldi r25,lo8(1)
 268               	.L48:
 269 01ee 892F      		mov r24,r25
 270               	/* epilogue start */
 271 01f0 0895      		ret
 273               	.global	handleLocalCommand
 275               	handleLocalCommand:
 276               	/* prologue: function */
 277               	/* frame size = 0 */
 278 01f2 8130      		cpi r24,lo8(1)
 279 01f4 01F0      		breq .L52
 280 01f6 8230      		cpi r24,lo8(2)
 281 01f8 01F4      		brne .L51
 282 01fa 00C0      		rjmp .L55
 283               	.L52:
 284 01fc 5E98      		cbi 43-32,6
 285 01fe 00C0      		rjmp .L51
 286               	.L55:
 287 0200 5E9A      		sbi 43-32,6
 288               	.L51:
 289 0202 1092 0000 		sts localAck,__zero_reg__
 290               	/* epilogue start */
 291 0206 0895      		ret
 293               	.global	i2cStop
 295               	i2cStop:
 296               	/* prologue: function */
 297               	/* frame size = 0 */
 298 0208 84E9      		ldi r24,lo8(-108)
 299 020a 8093 BC00 		sts 188,r24
 300               	/* epilogue start */
 301 020e 0895      		ret
 303               	.global	readIRSensor
 305               	readIRSensor:
 306               	/* prologue: function */
 307               	/* frame size = 0 */
 308 0210 82E4      		ldi r24,lo8(66)
 309 0212 8093 7C00 		sts 124,r24
 310 0216 8091 7A00 		lds r24,122
 311 021a 8064      		ori r24,lo8(64)
 312 021c 8093 7A00 		sts 122,r24
 313               	.L59:
 314 0220 8091 7A00 		lds r24,122
 315 0224 86FD      		sbrc r24,6
 316 0226 00C0      		rjmp .L59
 317 0228 2091 7800 		lds r18,120
 318 022c 3091 7900 		lds r19,(120)+1
 319 0230 C901      		movw r24,r18
 320               	/* epilogue start */
 321 0232 0895      		ret
 323               	.global	delayMs
 325               	delayMs:
 326               	/* prologue: function */
 327               	/* frame size = 0 */
 328 0234 AC01      		movw r20,r24
 329 0236 20E0      		ldi r18,lo8(0)
 330 0238 30E0      		ldi r19,hi8(0)
 331 023a 91E0      		ldi r25,lo8(1)
 332 023c 6AE0      		ldi r22,lo8(10)
 333 023e 70E0      		ldi r23,hi8(10)
 334 0240 00C0      		rjmp .L63
 335               	.L65:
 336 0242 9093 0000 		sts timer_on,r25
 337 0246 7093 0000 		sts (timer_cnt)+1,r23
 338 024a 6093 0000 		sts timer_cnt,r22
 339               	.L64:
 340 024e 8091 0000 		lds r24,timer_on
 341 0252 8823      		tst r24
 342 0254 01F4      		brne .L64
 343 0256 2F5F      		subi r18,lo8(-(1))
 344 0258 3F4F      		sbci r19,hi8(-(1))
 345               	.L63:
 346 025a 2417      		cp r18,r20
 347 025c 3507      		cpc r19,r21
 348 025e 00F0      		brlo .L65
 349               	/* epilogue start */
 350 0260 0895      		ret
 352               	.global	delay100us
 354               	delay100us:
 355               	/* prologue: function */
 356               	/* frame size = 0 */
 357 0262 21E0      		ldi r18,lo8(1)
 358 0264 2093 0000 		sts timer_on,r18
 359 0268 9093 0000 		sts (timer_cnt)+1,r25
 360 026c 8093 0000 		sts timer_cnt,r24
 361               	.L69:
 362 0270 8091 0000 		lds r24,timer_on
 363 0274 8823      		tst r24
 364 0276 01F4      		brne .L69
 365               	/* epilogue start */
 366 0278 0895      		ret
 368               	.global	powerOnRobot
 370               	powerOnRobot:
 371               	/* prologue: function */
 372               	/* frame size = 0 */
 373 027a 1D9B      		sbis 35-32,5
 374 027c 00C0      		rjmp .L73
 375 027e 0895      		ret
 376               	.L79:
 377 0280 5F98      		cbi 43-32,7
 378 0282 20E0      		ldi r18,lo8(0)
 379 0284 30E0      		ldi r19,hi8(0)
 380               	.L76:
 381 0286 9093 0000 		sts timer_on,r25
 382 028a 5093 0000 		sts (timer_cnt)+1,r21
 383 028e 4093 0000 		sts timer_cnt,r20
 384               	.L75:
 385 0292 8091 0000 		lds r24,timer_on
 386 0296 8823      		tst r24
 387 0298 01F4      		brne .L75
 388 029a 2F5F      		subi r18,lo8(-(1))
 389 029c 3F4F      		sbci r19,hi8(-(1))
 390 029e 81E0      		ldi r24,hi8(500)
 391 02a0 243F      		cpi r18,lo8(500)
 392 02a2 3807      		cpc r19,r24
 393 02a4 01F4      		brne .L76
 394 02a6 5F9A      		sbi 43-32,7
 395 02a8 20E0      		ldi r18,lo8(0)
 396 02aa 30E0      		ldi r19,hi8(0)
 397               	.L78:
 398 02ac 9093 0000 		sts timer_on,r25
 399 02b0 5093 0000 		sts (timer_cnt)+1,r21
 400 02b4 4093 0000 		sts timer_cnt,r20
 401               	.L77:
 402 02b8 8091 0000 		lds r24,timer_on
 403 02bc 8823      		tst r24
 404 02be 01F4      		brne .L77
 405 02c0 2F5F      		subi r18,lo8(-(1))
 406 02c2 3F4F      		sbci r19,hi8(-(1))
 407 02c4 2436      		cpi r18,100
 408 02c6 3105      		cpc r19,__zero_reg__
 409 02c8 01F4      		brne .L78
 410 02ca 5F98      		cbi 43-32,7
 411 02cc 00C0      		rjmp .L89
 412               	.L73:
 413 02ce 91E0      		ldi r25,lo8(1)
 414 02d0 4AE0      		ldi r20,lo8(10)
 415 02d2 50E0      		ldi r21,hi8(10)
 416               	.L89:
 417 02d4 1D9B      		sbis 35-32,5
 418 02d6 00C0      		rjmp .L79
 419 02d8 20E0      		ldi r18,lo8(0)
 420 02da 30E0      		ldi r19,hi8(0)
 421 02dc 91E0      		ldi r25,lo8(1)
 422 02de 4AE0      		ldi r20,lo8(10)
 423 02e0 50E0      		ldi r21,hi8(10)
 424               	.L81:
 425 02e2 9093 0000 		sts timer_on,r25
 426 02e6 5093 0000 		sts (timer_cnt)+1,r21
 427 02ea 4093 0000 		sts timer_cnt,r20
 428               	.L80:
 429 02ee 8091 0000 		lds r24,timer_on
 430 02f2 8823      		tst r24
 431 02f4 01F4      		brne .L80
 432 02f6 2F5F      		subi r18,lo8(-(1))
 433 02f8 3F4F      		sbci r19,hi8(-(1))
 434 02fa 8DE0      		ldi r24,hi8(3500)
 435 02fc 2C3A      		cpi r18,lo8(3500)
 436 02fe 3807      		cpc r19,r24
 437 0300 01F4      		brne .L81
 438 0302 0895      		ret
 440               	.global	baud
 442               	baud:
 443               	/* prologue: function */
 444               	/* frame size = 0 */
 445 0304 982F      		mov r25,r24
 446 0306 8C30      		cpi r24,lo8(12)
 447 0308 00F0      		brlo .+2
 448 030a 00C0      		rjmp .L109
 449               	.L110:
 450 030c 8091 C000 		lds r24,192
 451 0310 85FF      		sbrs r24,5
 452 0312 00C0      		rjmp .L110
 453 0314 81E8      		ldi r24,lo8(-127)
 454 0316 8093 C600 		sts 198,r24
 455 031a 8091 C000 		lds r24,192
 456 031e 8064      		ori r24,lo8(64)
 457 0320 8093 C000 		sts 192,r24
 458               	.L93:
 459 0324 8091 C000 		lds r24,192
 460 0328 85FF      		sbrs r24,5
 461 032a 00C0      		rjmp .L93
 462 032c 9093 C600 		sts 198,r25
 463               	.L94:
 464 0330 8091 C000 		lds r24,192
 465 0334 86FF      		sbrs r24,6
 466 0336 00C0      		rjmp .L94
 467               	/* #APP */
 468               	 ;  691 "cmcontrol.c" 1
 469 0338 F894      		cli
 470               	 ;  0 "" 2
 471               	/* #NOAPP */
 472 033a 9B30      		cpi r25,lo8(11)
 473 033c 01F4      		brne .L95
 474 033e 89E0      		ldi r24,lo8(9)
 475 0340 90E0      		ldi r25,hi8(9)
 476 0342 00C0      		rjmp .L116
 477               	.L95:
 478 0344 9A30      		cpi r25,lo8(10)
 479 0346 01F4      		brne .L97
 480 0348 83E1      		ldi r24,lo8(19)
 481 034a 90E0      		ldi r25,hi8(19)
 482 034c 00C0      		rjmp .L116
 483               	.L97:
 484 034e 9930      		cpi r25,lo8(9)
 485 0350 01F4      		brne .L98
 486 0352 8DE1      		ldi r24,lo8(29)
 487 0354 90E0      		ldi r25,hi8(29)
 488 0356 00C0      		rjmp .L116
 489               	.L98:
 490 0358 9830      		cpi r25,lo8(8)
 491 035a 01F4      		brne .L99
 492 035c 87E2      		ldi r24,lo8(39)
 493 035e 90E0      		ldi r25,hi8(39)
 494 0360 00C0      		rjmp .L116
 495               	.L99:
 496 0362 9730      		cpi r25,lo8(7)
 497 0364 01F4      		brne .L100
 498 0366 8BE3      		ldi r24,lo8(59)
 499 0368 90E0      		ldi r25,hi8(59)
 500 036a 00C0      		rjmp .L116
 501               	.L100:
 502 036c 9630      		cpi r25,lo8(6)
 503 036e 01F4      		brne .L101
 504 0370 8FE4      		ldi r24,lo8(79)
 505 0372 90E0      		ldi r25,hi8(79)
 506 0374 00C0      		rjmp .L116
 507               	.L101:
 508 0376 9530      		cpi r25,lo8(5)
 509 0378 01F4      		brne .L102
 510 037a 87E7      		ldi r24,lo8(119)
 511 037c 90E0      		ldi r25,hi8(119)
 512 037e 00C0      		rjmp .L116
 513               	.L102:
 514 0380 9430      		cpi r25,lo8(4)
 515 0382 01F4      		brne .L103
 516 0384 8FEE      		ldi r24,lo8(239)
 517 0386 90E0      		ldi r25,hi8(239)
 518 0388 00C0      		rjmp .L116
 519               	.L103:
 520 038a 9330      		cpi r25,lo8(3)
 521 038c 01F4      		brne .L104
 522 038e 8FED      		ldi r24,lo8(479)
 523 0390 91E0      		ldi r25,hi8(479)
 524 0392 00C0      		rjmp .L116
 525               	.L104:
 526 0394 9230      		cpi r25,lo8(2)
 527 0396 01F4      		brne .L105
 528 0398 8FEB      		ldi r24,lo8(959)
 529 039a 93E0      		ldi r25,hi8(959)
 530 039c 00C0      		rjmp .L116
 531               	.L105:
 532 039e 9130      		cpi r25,lo8(1)
 533 03a0 01F4      		brne .L106
 534 03a2 8FE7      		ldi r24,lo8(1919)
 535 03a4 97E0      		ldi r25,hi8(1919)
 536 03a6 00C0      		rjmp .L116
 537               	.L106:
 538 03a8 8FEF      		ldi r24,lo8(3839)
 539 03aa 9EE0      		ldi r25,hi8(3839)
 540               	.L116:
 541 03ac 9093 C500 		sts (196)+1,r25
 542 03b0 8093 C400 		sts 196,r24
 543               	/* #APP */
 544               	 ;  719 "cmcontrol.c" 1
 545 03b4 7894      		sei
 546               	 ;  0 "" 2
 547               	/* #NOAPP */
 548 03b6 20E0      		ldi r18,lo8(0)
 549 03b8 30E0      		ldi r19,hi8(0)
 550 03ba 91E0      		ldi r25,lo8(1)
 551 03bc 4AE0      		ldi r20,lo8(10)
 552 03be 50E0      		ldi r21,hi8(10)
 553               	.L108:
 554 03c0 9093 0000 		sts timer_on,r25
 555 03c4 5093 0000 		sts (timer_cnt)+1,r21
 556 03c8 4093 0000 		sts timer_cnt,r20
 557               	.L107:
 558 03cc 8091 0000 		lds r24,timer_on
 559 03d0 8823      		tst r24
 560 03d2 01F4      		brne .L107
 561 03d4 2F5F      		subi r18,lo8(-(1))
 562 03d6 3F4F      		sbci r19,hi8(-(1))
 563 03d8 2436      		cpi r18,100
 564 03da 3105      		cpc r19,__zero_reg__
 565 03dc 01F4      		brne .L108
 566               	.L109:
 567 03de 0895      		ret
 569               		.data
 570               	.LC0:
 571 0000 2000      		.string	" "
 572               		.text
 573               	.global	debugInt
 575               	debugInt:
 576 03e0 0F93      		push r16
 577 03e2 1F93      		push r17
 578 03e4 DF93      		push r29
 579 03e6 CF93      		push r28
 580 03e8 CDB7      		in r28,__SP_L__
 581 03ea DEB7      		in r29,__SP_H__
 582 03ec 6097      		sbiw r28,16
 583 03ee 0FB6      		in __tmp_reg__,__SREG__
 584 03f0 F894      		cli
 585 03f2 DEBF      		out __SP_H__,r29
 586 03f4 0FBE      		out __SREG__,__tmp_reg__
 587 03f6 CDBF      		out __SP_L__,r28
 588               	/* prologue: function */
 589               	/* frame size = 16 */
 590 03f8 8E01      		movw r16,r28
 591 03fa 0F5F      		subi r16,lo8(-(1))
 592 03fc 1F4F      		sbci r17,hi8(-(1))
 593 03fe B801      		movw r22,r16
 594 0400 4AE0      		ldi r20,lo8(10)
 595 0402 50E0      		ldi r21,hi8(10)
 596 0404 0E94 0000 		call itoa
 597 0408 8091 0000 		lds r24,myport
 598 040c B801      		movw r22,r16
 599 040e 0E94 0000 		call cm_send_line
 600 0412 8091 0000 		lds r24,myport
 601 0416 60E0      		ldi r22,lo8(.LC0)
 602 0418 70E0      		ldi r23,hi8(.LC0)
 603 041a 0E94 0000 		call cm_send_line
 604               	/* epilogue start */
 605 041e 6096      		adiw r28,16
 606 0420 0FB6      		in __tmp_reg__,__SREG__
 607 0422 F894      		cli
 608 0424 DEBF      		out __SP_H__,r29
 609 0426 0FBE      		out __SREG__,__tmp_reg__
 610 0428 CDBF      		out __SP_L__,r28
 611 042a CF91      		pop r28
 612 042c DF91      		pop r29
 613 042e 1F91      		pop r17
 614 0430 0F91      		pop r16
 615 0432 0895      		ret
 617               	.global	debug
 619               	debug:
 620               	/* prologue: function */
 621               	/* frame size = 0 */
 622 0434 BC01      		movw r22,r24
 623 0436 8091 0000 		lds r24,myport
 624 043a 0E94 0000 		call cm_send_line
 625               	/* epilogue start */
 626 043e 0895      		ret
 628               		.data
 629               	.LC1:
 630 0002 6932 6320 		.string	"i2c read error"
 630      7265 6164 
 630      2065 7272 
 630      6F72 00
 631               		.text
 632               	.global	i2cReadByte
 634               	i2cReadByte:
 635               	/* prologue: function */
 636               	/* frame size = 0 */
 637 0440 84EA      		ldi r24,lo8(-92)
 638 0442 8093 BC00 		sts 188,r24
 639               	.L122:
 640 0446 8091 BC00 		lds r24,188
 641 044a 87FF      		sbrs r24,7
 642 044c 00C0      		rjmp .L122
 643 044e 85E0      		ldi r24,lo8(5)
 644 0450 8093 BB00 		sts 187,r24
 645 0454 84E8      		ldi r24,lo8(-124)
 646 0456 8093 BC00 		sts 188,r24
 647               	.L123:
 648 045a 8091 BC00 		lds r24,188
 649 045e 87FF      		sbrs r24,7
 650 0460 00C0      		rjmp .L123
 651 0462 8091 B900 		lds r24,185
 652 0466 86FF      		sbrs r24,6
 653 0468 00C0      		rjmp .L124
 654 046a 84EC      		ldi r24,lo8(-60)
 655 046c 8093 BC00 		sts 188,r24
 656               	.L125:
 657 0470 8091 BC00 		lds r24,188
 658 0474 87FF      		sbrs r24,7
 659 0476 00C0      		rjmp .L125
 660 0478 9091 BB00 		lds r25,187
 661 047c 84E9      		ldi r24,lo8(-108)
 662 047e 8093 BC00 		sts 188,r24
 663 0482 00C0      		rjmp .L126
 664               	.L124:
 665 0484 8091 0000 		lds r24,myport
 666 0488 60E0      		ldi r22,lo8(.LC1)
 667 048a 70E0      		ldi r23,hi8(.LC1)
 668 048c 0E94 0000 		call cm_send_line
 669 0490 90E0      		ldi r25,lo8(0)
 670               	.L126:
 671 0492 892F      		mov r24,r25
 672               	/* epilogue start */
 673 0494 0895      		ret
 675               		.data
 676               	.LC2:
 677 0011 6932 6320 		.string	"i2c send error"
 677      7365 6E64 
 677      2065 7272 
 677      6F72 00
 678               		.text
 679               	.global	i2cWriteByte
 681               	i2cWriteByte:
 682               	/* prologue: function */
 683               	/* frame size = 0 */
 684 0496 982F      		mov r25,r24
 685 0498 84EA      		ldi r24,lo8(-92)
 686 049a 8093 BC00 		sts 188,r24
 687               	.L132:
 688 049e 8091 BC00 		lds r24,188
 689 04a2 87FF      		sbrs r24,7
 690 04a4 00C0      		rjmp .L132
 691 04a6 9093 BB00 		sts 187,r25
 692 04aa 84E8      		ldi r24,lo8(-124)
 693 04ac 8093 BC00 		sts 188,r24
 694               	.L133:
 695 04b0 8091 BC00 		lds r24,188
 696 04b4 87FF      		sbrs r24,7
 697 04b6 00C0      		rjmp .L133
 698 04b8 8091 B900 		lds r24,185
 699 04bc 8871      		andi r24,lo8(24)
 700 04be 01F0      		breq .L134
 701 04c0 6093 BB00 		sts 187,r22
 702 04c4 84E8      		ldi r24,lo8(-124)
 703 04c6 8093 BC00 		sts 188,r24
 704               	.L135:
 705 04ca 8091 BC00 		lds r24,188
 706 04ce 87FF      		sbrs r24,7
 707 04d0 00C0      		rjmp .L135
 708 04d2 8091 B900 		lds r24,185
 709 04d6 8872      		andi r24,lo8(40)
 710 04d8 01F0      		breq .L134
 711 04da 21E0      		ldi r18,lo8(1)
 712 04dc 30E0      		ldi r19,hi8(1)
 713 04de 00C0      		rjmp .L136
 714               	.L134:
 715 04e0 8091 0000 		lds r24,myport
 716 04e4 60E0      		ldi r22,lo8(.LC2)
 717 04e6 70E0      		ldi r23,hi8(.LC2)
 718 04e8 0E94 0000 		call cm_send_line
 719 04ec 20E0      		ldi r18,lo8(0)
 720 04ee 30E0      		ldi r19,hi8(0)
 721               	.L136:
 722 04f0 C901      		movw r24,r18
 723               	/* epilogue start */
 724 04f2 0895      		ret
 726               	.global	turnServo
 728               	turnServo:
 729               	/* prologue: function */
 730               	/* frame size = 0 */
 731 04f4 682F      		mov r22,r24
 732 04f6 8093 0000 		sts servoTurned,r24
 733 04fa 8037      		cpi r24,lo8(112)
 734 04fc 01F4      		brne .L142
 735 04fe 1092 0000 		sts servoTurned,__zero_reg__
 736               	.L142:
 737 0502 84E0      		ldi r24,lo8(4)
 738 0504 90E0      		ldi r25,hi8(4)
 739 0506 0E94 0000 		call i2cWriteByte
 740               	/* epilogue start */
 741 050a 0895      		ret
 743               		.data
 744               	.LC3:
 745 0020 2D2D 2D00 		.string	"---"
 746               		.text
 747               	.global	readSensorInt
 749               	readSensorInt:
 750 050c FF92      		push r15
 751 050e 0F93      		push r16
 752 0510 1F93      		push r17
 753 0512 CF93      		push r28
 754 0514 DF93      		push r29
 755               	/* prologue: function */
 756               	/* frame size = 0 */
 757 0516 682F      		mov r22,r24
 758 0518 84E0      		ldi r24,lo8(4)
 759 051a 90E0      		ldi r25,hi8(4)
 760 051c 0E94 0000 		call i2cWriteByte
 761 0520 84E0      		ldi r24,lo8(4)
 762 0522 90E0      		ldi r25,hi8(4)
 763 0524 0E94 0000 		call i2cReadByte
 764 0528 F82E      		mov r15,r24
 765 052a 84E0      		ldi r24,lo8(4)
 766 052c 90E0      		ldi r25,hi8(4)
 767 052e 0E94 0000 		call i2cReadByte
 768 0532 082F      		mov r16,r24
 769 0534 10E0      		ldi r17,lo8(0)
 770 0536 9F2D      		mov r25,r15
 771 0538 80E0      		ldi r24,lo8(0)
 772 053a EC01      		movw r28,r24
 773 053c C02B      		or r28,r16
 774 053e D12B      		or r29,r17
 775 0540 8091 0000 		lds r24,myport
 776 0544 60E0      		ldi r22,lo8(.LC3)
 777 0546 70E0      		ldi r23,hi8(.LC3)
 778 0548 0E94 0000 		call cm_send_line
 779 054c 8F2D      		mov r24,r15
 780 054e 90E0      		ldi r25,lo8(0)
 781 0550 0E94 0000 		call debugInt
 782 0554 C801      		movw r24,r16
 783 0556 0E94 0000 		call debugInt
 784 055a CE01      		movw r24,r28
 785 055c 0E94 0000 		call debugInt
 786 0560 CA3F      		cpi r28,250
 787 0562 D105      		cpc r29,__zero_reg__
 788 0564 00F4      		brsh .L145
 789 0566 5E9A      		sbi 43-32,6
 790 0568 00C0      		rjmp .L146
 791               	.L145:
 792 056a 5E98      		cbi 43-32,6
 793               	.L146:
 794 056c CE01      		movw r24,r28
 795               	/* epilogue start */
 796 056e DF91      		pop r29
 797 0570 CF91      		pop r28
 798 0572 1F91      		pop r17
 799 0574 0F91      		pop r16
 800 0576 FF90      		pop r15
 801 0578 0895      		ret
 803               	.global	delayAndUpdateSensors
 805               	delayAndUpdateSensors:
 806 057a BF92      		push r11
 807 057c CF92      		push r12
 808 057e DF92      		push r13
 809 0580 EF92      		push r14
 810 0582 FF92      		push r15
 811 0584 0F93      		push r16
 812 0586 1F93      		push r17
 813 0588 CF93      		push r28
 814 058a DF93      		push r29
 815               	/* prologue: function */
 816               	/* frame size = 0 */
 817 058c 21E0      		ldi r18,lo8(1)
 818 058e 2093 0000 		sts timer_on,r18
 819 0592 9C01      		movw r18,r24
 820 0594 53E0      		ldi r21,3
 821 0596 880F      	1:	lsl r24
 822 0598 991F      		rol r25
 823 059a 5A95      		dec r21
 824 059c 01F4      		brne 1b
 825 059e 220F      		lsl r18
 826 05a0 331F      		rol r19
 827 05a2 820F      		add r24,r18
 828 05a4 931F      		adc r25,r19
 829 05a6 9093 0000 		sts (timer_cnt)+1,r25
 830 05aa 8093 0000 		sts timer_cnt,r24
 831 05ae 9EE8      		ldi r25,lo8(-114)
 832 05b0 B92E      		mov r11,r25
 833 05b2 86E0      		ldi r24,lo8(6)
 834 05b4 C82E      		mov r12,r24
 835 05b6 DD24      		clr r13
 836 05b8 D394      		inc r13
 837 05ba EE24      		clr r14
 838 05bc EA94      		dec r14
 839 05be FE2C      		mov r15,r14
 840 05c0 00C0      		rjmp .L160
 841               	.L153:
 842 05c2 8091 0000 		lds r24,sensors_flag
 843 05c6 8823      		tst r24
 844 05c8 01F0      		breq .+2
 845 05ca 00C0      		rjmp .L160
 846 05cc 20E0      		ldi r18,lo8(0)
 847 05ce 30E0      		ldi r19,hi8(0)
 848               	.L150:
 849 05d0 F901      		movw r30,r18
 850 05d2 E050      		subi r30,lo8(-(sensors_in))
 851 05d4 F040      		sbci r31,hi8(-(sensors_in))
 852 05d6 8081      		ld r24,Z
 853 05d8 F901      		movw r30,r18
 854 05da E050      		subi r30,lo8(-(sensors))
 855 05dc F040      		sbci r31,hi8(-(sensors))
 856 05de 8083      		st Z,r24
 857 05e0 2F5F      		subi r18,lo8(-(1))
 858 05e2 3F4F      		sbci r19,hi8(-(1))
 859 05e4 2433      		cpi r18,52
 860 05e6 3105      		cpc r19,__zero_reg__
 861 05e8 01F4      		brne .L150
 862 05ea 4091 0000 		lds r20,distance
 863 05ee 5091 0000 		lds r21,(distance)+1
 864 05f2 2091 0000 		lds r18,sensors+12
 865 05f6 8091 0000 		lds r24,sensors+13
 866 05fa 122F      		mov r17,r18
 867 05fc 00E0      		ldi r16,lo8(0)
 868 05fe 90E0      		ldi r25,lo8(0)
 869 0600 802B      		or r24,r16
 870 0602 912B      		or r25,r17
 871 0604 840F      		add r24,r20
 872 0606 951F      		adc r25,r21
 873 0608 9093 0000 		sts (distance)+1,r25
 874 060c 8093 0000 		sts distance,r24
 875 0610 4091 0000 		lds r20,angle
 876 0614 5091 0000 		lds r21,(angle)+1
 877 0618 2091 0000 		lds r18,sensors+14
 878 061c 8091 0000 		lds r24,sensors+15
 879 0620 D22F      		mov r29,r18
 880 0622 C0E0      		ldi r28,lo8(0)
 881 0624 90E0      		ldi r25,lo8(0)
 882 0626 8C2B      		or r24,r28
 883 0628 9D2B      		or r25,r29
 884 062a 840F      		add r24,r20
 885 062c 951F      		adc r25,r21
 886 062e 9093 0000 		sts (angle)+1,r25
 887 0632 8093 0000 		sts angle,r24
 888               	.L151:
 889 0636 8091 C000 		lds r24,192
 890 063a 85FF      		sbrs r24,5
 891 063c 00C0      		rjmp .L151
 892 063e B092 C600 		sts 198,r11
 893               	.L152:
 894 0642 8091 C000 		lds r24,192
 895 0646 85FF      		sbrs r24,5
 896 0648 00C0      		rjmp .L152
 897 064a C092 C600 		sts 198,r12
 898 064e 1092 0000 		sts sensors_index,__zero_reg__
 899 0652 D092 0000 		sts sensors_flag,r13
 900 0656 84E7      		ldi r24,lo8(116)
 901 0658 0E94 0000 		call readSensorInt
 902 065c 9093 0000 		sts (customSensors)+1,r25
 903 0660 8093 0000 		sts customSensors,r24
 904 0664 F092 0000 		sts (customSensors+2)+1,r15
 905 0668 E092 0000 		sts customSensors+2,r14
 906               	.L160:
 907 066c 8091 0000 		lds r24,timer_on
 908 0670 8823      		tst r24
 909 0672 01F0      		breq .+2
 910 0674 00C0      		rjmp .L153
 911               	/* epilogue start */
 912 0676 DF91      		pop r29
 913 0678 CF91      		pop r28
 914 067a 1F91      		pop r17
 915 067c 0F91      		pop r16
 916 067e FF90      		pop r15
 917 0680 EF90      		pop r14
 918 0682 DF90      		pop r13
 919 0684 CF90      		pop r12
 920 0686 BF90      		pop r11
 921 0688 0895      		ret
 923               		.data
 924               	.LC4:
 925 0024 493A 2000 		.string	"I: "
 926               		.text
 927               	.global	initSensorMod
 929               	initSensorMod:
 930 068a 1F93      		push r17
 931               	/* prologue: function */
 932               	/* frame size = 0 */
 933               	.L162:
 934 068c 84E0      		ldi r24,lo8(4)
 935 068e 90E0      		ldi r25,hi8(4)
 936 0690 69E6      		ldi r22,lo8(105)
 937 0692 0E94 0000 		call i2cWriteByte
 938 0696 84E0      		ldi r24,lo8(4)
 939 0698 90E0      		ldi r25,hi8(4)
 940 069a 0E94 0000 		call i2cReadByte
 941 069e 182F      		mov r17,r24
 942 06a0 8091 0000 		lds r24,myport
 943 06a4 60E0      		ldi r22,lo8(.LC4)
 944 06a6 70E0      		ldi r23,hi8(.LC4)
 945 06a8 0E94 0000 		call cm_send_line
 946 06ac 812F      		mov r24,r17
 947 06ae 90E0      		ldi r25,lo8(0)
 948 06b0 0E94 0000 		call debugInt
 949 06b4 1836      		cpi r17,lo8(104)
 950 06b6 01F4      		brne .L162
 951               	/* epilogue start */
 952 06b8 1F91      		pop r17
 953 06ba 0895      		ret
 955               		.data
 956               	.LC5:
 957 0028 4275 6D70 		.string	"Bump found: Cliff, SenBumpDrop, IR, Proximity: \r\n"
 957      2066 6F75 
 957      6E64 3A20 
 957      436C 6966 
 957      662C 2053 
 958               		.text
 959               	.global	checkBump
 961               	checkBump:
 962 06bc CF93      		push r28
 963 06be DF93      		push r29
 964               	/* prologue: function */
 965               	/* frame size = 0 */
 966 06c0 EC01      		movw r28,r24
 967 06c2 8A81      		ldd r24,Y+2
 968 06c4 9B81      		ldd r25,Y+3
 969 06c6 892B      		or r24,r25
 970 06c8 01F4      		brne .L166
 971 06ca 8881      		ld r24,Y
 972 06cc 9981      		ldd r25,Y+1
 973 06ce 892B      		or r24,r25
 974 06d0 01F0      		breq .L170
 975               	.L166:
 976 06d2 0E94 0000 		call isBumped
 977 06d6 8823      		tst r24
 978 06d8 01F0      		breq .L170
 979 06da 1B82      		std Y+3,__zero_reg__
 980 06dc 1A82      		std Y+2,__zero_reg__
 981 06de 1982      		std Y+1,__zero_reg__
 982 06e0 1882      		st Y,__zero_reg__
 983 06e2 1C82      		std Y+4,__zero_reg__
 984 06e4 1E82      		std Y+6,__zero_reg__
 985 06e6 1D82      		std Y+5,__zero_reg__
 986 06e8 8CE9      		ldi r24,lo8(-100)
 987 06ea 9FEF      		ldi r25,hi8(-100)
 988 06ec 6CE9      		ldi r22,lo8(-100)
 989 06ee 7FEF      		ldi r23,hi8(-100)
 990 06f0 0E94 0000 		call driveDirect
 991 06f4 20E0      		ldi r18,lo8(0)
 992 06f6 30E0      		ldi r19,hi8(0)
 993 06f8 91E0      		ldi r25,lo8(1)
 994 06fa 4AE0      		ldi r20,lo8(10)
 995 06fc 50E0      		ldi r21,hi8(10)
 996               	.L169:
 997 06fe 9093 0000 		sts timer_on,r25
 998 0702 5093 0000 		sts (timer_cnt)+1,r21
 999 0706 4093 0000 		sts timer_cnt,r20
 1000               	.L168:
 1001 070a 8091 0000 		lds r24,timer_on
 1002 070e 8823      		tst r24
 1003 0710 01F4      		brne .L168
 1004 0712 2F5F      		subi r18,lo8(-(1))
 1005 0714 3F4F      		sbci r19,hi8(-(1))
 1006 0716 83E0      		ldi r24,hi8(1000)
 1007 0718 283E      		cpi r18,lo8(1000)
 1008 071a 3807      		cpc r19,r24
 1009 071c 01F4      		brne .L169
 1010 071e 80E0      		ldi r24,lo8(0)
 1011 0720 90E0      		ldi r25,hi8(0)
 1012 0722 60E0      		ldi r22,lo8(0)
 1013 0724 70E0      		ldi r23,hi8(0)
 1014 0726 0E94 0000 		call driveDirect
 1015 072a 8091 0000 		lds r24,myport
 1016 072e 60E0      		ldi r22,lo8(.LC5)
 1017 0730 70E0      		ldi r23,hi8(.LC5)
 1018 0732 0E94 0000 		call cm_send_line
 1019               	.L170:
 1020               	/* epilogue start */
 1021 0736 DF91      		pop r29
 1022 0738 CF91      		pop r28
 1023 073a 0895      		ret
 1025               		.data
 1026               	.LC6:
 1027 005a 434D 436F 		.string	"CMControl Initialized\r\n"
 1027      6E74 726F 
 1027      6C20 496E 
 1027      6974 6961 
 1027      6C69 7A65 
 1028               		.text
 1029               	.global	initialize
 1031               	initialize:
 1032               	/* prologue: function */
 1033               	/* frame size = 0 */
 1034               	/* #APP */
 1035               	 ;  589 "cmcontrol.c" 1
 1036 073c F894      		cli
 1037               	 ;  0 "" 2
 1038               	/* #NOAPP */
 1039 073e 80E1      		ldi r24,lo8(16)
 1040 0740 84B9      		out 36-32,r24
 1041 0742 8FEC      		ldi r24,lo8(-49)
 1042 0744 85B9      		out 37-32,r24
 1043 0746 22E0      		ldi r18,lo8(2)
 1044 0748 27B9      		out 39-32,r18
 1045 074a 8FEF      		ldi r24,lo8(-1)
 1046 074c 88B9      		out 40-32,r24
 1047 074e 88B1      		in r24,40-32
 1048 0750 897F      		andi r24,lo8(-7)
 1049 0752 88B9      		out 40-32,r24
 1050 0754 86EE      		ldi r24,lo8(-26)
 1051 0756 8AB9      		out 42-32,r24
 1052 0758 8DE7      		ldi r24,lo8(125)
 1053 075a 8BB9      		out 43-32,r24
 1054 075c 84B1      		in r24,36-32
 1055 075e 8C60      		ori r24,lo8(12)
 1056 0760 84B9      		out 36-32,r24
 1057 0762 85B1      		in r24,37-32
 1058 0764 837F      		andi r24,lo8(-13)
 1059 0766 85B9      		out 37-32,r24
 1060 0768 1092 8000 		sts 128,__zero_reg__
 1061 076c 8AE0      		ldi r24,lo8(10)
 1062 076e 8093 8100 		sts 129,r24
 1063 0772 85EE      		ldi r24,lo8(229)
 1064 0774 90E0      		ldi r25,hi8(229)
 1065 0776 9093 8900 		sts (136)+1,r25
 1066 077a 8093 8800 		sts 136,r24
 1067 077e 2093 6F00 		sts 111,r18
 1068 0782 83E1      		ldi r24,lo8(19)
 1069 0784 90E0      		ldi r25,hi8(19)
 1070 0786 9093 C500 		sts (196)+1,r25
 1071 078a 8093 C400 		sts 196,r24
 1072 078e 88E9      		ldi r24,lo8(-104)
 1073 0790 8093 C100 		sts 193,r24
 1074 0794 86E0      		ldi r24,lo8(6)
 1075 0796 8093 C200 		sts 194,r24
 1076 079a 80E0      		ldi r24,lo8(0)
 1077 079c 63E0      		ldi r22,lo8(3)
 1078 079e 0E94 0000 		call cm_init_UART
 1079 07a2 8093 0000 		sts myport,r24
 1080 07a6 1092 B900 		sts 185,__zero_reg__
 1081 07aa 88EA      		ldi r24,lo8(-88)
 1082 07ac 8093 B800 		sts 184,r24
 1083 07b0 2198      		cbi 36-32,1
 1084 07b2 299A      		sbi 37-32,1
 1085               	/* #APP */
 1086               	 ;  642 "cmcontrol.c" 1
 1087 07b4 7894      		sei
 1088               	 ;  0 "" 2
 1089               	/* #NOAPP */
 1090 07b6 20E0      		ldi r18,lo8(0)
 1091 07b8 30E0      		ldi r19,hi8(0)
 1092 07ba 91E0      		ldi r25,lo8(1)
 1093 07bc 4AE0      		ldi r20,lo8(10)
 1094 07be 50E0      		ldi r21,hi8(10)
 1095               	.L175:
 1096 07c0 9093 0000 		sts timer_on,r25
 1097 07c4 5093 0000 		sts (timer_cnt)+1,r21
 1098 07c8 4093 0000 		sts timer_cnt,r20
 1099               	.L174:
 1100 07cc 8091 0000 		lds r24,timer_on
 1101 07d0 8823      		tst r24
 1102 07d2 01F4      		brne .L174
 1103 07d4 2F5F      		subi r18,lo8(-(1))
 1104 07d6 3F4F      		sbci r19,hi8(-(1))
 1105 07d8 2A3F      		cpi r18,250
 1106 07da 3105      		cpc r19,__zero_reg__
 1107 07dc 01F4      		brne .L175
 1108 07de 8091 0000 		lds r24,myport
 1109 07e2 60E0      		ldi r22,lo8(.LC6)
 1110 07e4 70E0      		ldi r23,hi8(.LC6)
 1111 07e6 0E94 0000 		call cm_send_line
 1112               	/* epilogue start */
 1113 07ea 0895      		ret
 1115               	.global	main
 1117               	main:
 1118 07ec FF92      		push r15
 1119 07ee 0F93      		push r16
 1120 07f0 1F93      		push r17
 1121 07f2 CF93      		push r28
 1122 07f4 DF93      		push r29
 1123               	/* prologue: function */
 1124               	/* frame size = 0 */
 1125 07f6 0E94 0000 		call initialize
 1126 07fa 0E94 0000 		call powerOnRobot
 1127               	.L180:
 1128 07fe 8091 C000 		lds r24,192
 1129 0802 85FF      		sbrs r24,5
 1130 0804 00C0      		rjmp .L180
 1131 0806 80E8      		ldi r24,lo8(-128)
 1132 0808 8093 C600 		sts 198,r24
 1133               	.L181:
 1134 080c 8091 C000 		lds r24,192
 1135 0810 85FF      		sbrs r24,5
 1136 0812 00C0      		rjmp .L181
 1137 0814 84E8      		ldi r24,lo8(-124)
 1138 0816 8093 C600 		sts 198,r24
 1139 081a 8BB1      		in r24,43-32
 1140 081c 8066      		ori r24,lo8(96)
 1141 081e 8BB9      		out 43-32,r24
 1142 0820 91E0      		ldi r25,lo8(1)
 1143 0822 4AE0      		ldi r20,lo8(10)
 1144 0824 50E0      		ldi r21,hi8(10)
 1145 0826 00C0      		rjmp .L182
 1146               	.L185:
 1147 0828 20E0      		ldi r18,lo8(0)
 1148 082a 30E0      		ldi r19,hi8(0)
 1149               	.L184:
 1150 082c 9093 0000 		sts timer_on,r25
 1151 0830 5093 0000 		sts (timer_cnt)+1,r21
 1152 0834 4093 0000 		sts timer_cnt,r20
 1153               	.L183:
 1154 0838 8091 0000 		lds r24,timer_on
 1155 083c 8823      		tst r24
 1156 083e 01F4      		brne .L183
 1157 0840 2F5F      		subi r18,lo8(-(1))
 1158 0842 3F4F      		sbci r19,hi8(-(1))
 1159 0844 81E0      		ldi r24,hi8(500)
 1160 0846 243F      		cpi r18,lo8(500)
 1161 0848 3807      		cpc r19,r24
 1162 084a 01F4      		brne .L184
 1163               	.L182:
 1164 084c 199B      		sbis 35-32,1
 1165 084e 00C0      		rjmp .L185
 1166 0850 5D98      		cbi 43-32,5
 1167 0852 0E94 0000 		call initSensorMod
 1168 0856 5E98      		cbi 43-32,6
 1169 0858 FF24      		clr r15
 1170 085a F394      		inc r15
 1171 085c 0AE0      		ldi r16,lo8(10)
 1172 085e 10E0      		ldi r17,hi8(10)
 1173               	.L191:
 1174 0860 C0E0      		ldi r28,lo8(0)
 1175 0862 D0E0      		ldi r29,hi8(0)
 1176               	.L186:
 1177 0864 2196      		adiw r28,1
 1178 0866 88E8      		ldi r24,lo8(5000)
 1179 0868 93E1      		ldi r25,hi8(5000)
 1180 086a 0E94 0000 		call delayAndUpdateSensors
 1181 086e CA35      		cpi r28,90
 1182 0870 D105      		cpc r29,__zero_reg__
 1183 0872 01F4      		brne .L186
 1184 0874 80E7      		ldi r24,lo8(112)
 1185 0876 0E94 0000 		call turnServo
 1186 087a 20E0      		ldi r18,lo8(0)
 1187 087c 30E0      		ldi r19,hi8(0)
 1188               	.L188:
 1189 087e F092 0000 		sts timer_on,r15
 1190 0882 1093 0000 		sts (timer_cnt)+1,r17
 1191 0886 0093 0000 		sts timer_cnt,r16
 1192               	.L187:
 1193 088a 8091 0000 		lds r24,timer_on
 1194 088e 8823      		tst r24
 1195 0890 01F4      		brne .L187
 1196 0892 2F5F      		subi r18,lo8(-(1))
 1197 0894 3F4F      		sbci r19,hi8(-(1))
 1198 0896 83E0      		ldi r24,hi8(1000)
 1199 0898 283E      		cpi r18,lo8(1000)
 1200 089a 3807      		cpc r19,r24
 1201 089c 01F4      		brne .L188
 1202 089e 8FE6      		ldi r24,lo8(111)
 1203 08a0 0E94 0000 		call turnServo
 1204 08a4 20E0      		ldi r18,lo8(0)
 1205 08a6 30E0      		ldi r19,hi8(0)
 1206               	.L190:
 1207 08a8 F092 0000 		sts timer_on,r15
 1208 08ac 1093 0000 		sts (timer_cnt)+1,r17
 1209 08b0 0093 0000 		sts timer_cnt,r16
 1210               	.L189:
 1211 08b4 8091 0000 		lds r24,timer_on
 1212 08b8 8823      		tst r24
 1213 08ba 01F4      		brne .L189
 1214 08bc 2F5F      		subi r18,lo8(-(1))
 1215 08be 3F4F      		sbci r19,hi8(-(1))
 1216 08c0 83E0      		ldi r24,hi8(1000)
 1217 08c2 283E      		cpi r18,lo8(1000)
 1218 08c4 3807      		cpc r19,r24
 1219 08c6 01F4      		brne .L190
 1220 08c8 81E7      		ldi r24,lo8(113)
 1221 08ca 0E94 0000 		call turnServo
 1222 08ce 00C0      		rjmp .L191
 1224               	.global	checkIr
 1226               	checkIr:
 1227               	/* prologue: function */
 1228               	/* frame size = 0 */
 1229 08d0 FC01      		movw r30,r24
 1230 08d2 8091 0000 		lds r24,sensors+10
 1231 08d6 8438      		cpi r24,lo8(-124)
 1232 08d8 01F0      		breq .L207
 1233 08da 8538      		cpi r24,lo8(-123)
 1234 08dc 00F4      		brsh .L212
 1235 08de 8238      		cpi r24,lo8(-126)
 1236 08e0 01F4      		brne .+2
 1237 08e2 00C0      		rjmp .L205
 1238 08e4 8338      		cpi r24,lo8(-125)
 1239 08e6 00F4      		brsh .L206
 1240 08e8 8138      		cpi r24,lo8(-127)
 1241 08ea 01F0      		breq .+2
 1242 08ec 00C0      		rjmp .L227
 1243 08ee 00C0      		rjmp .L235
 1244               	.L212:
 1245 08f0 8838      		cpi r24,lo8(-120)
 1246 08f2 01F0      		breq .L209
 1247 08f4 8938      		cpi r24,lo8(-119)
 1248 08f6 00F4      		brsh .L213
 1249 08f8 8538      		cpi r24,lo8(-123)
 1250 08fa 01F0      		breq .+2
 1251 08fc 00C0      		rjmp .L227
 1252 08fe 00C0      		rjmp .L236
 1253               	.L213:
 1254 0900 8938      		cpi r24,lo8(-119)
 1255 0902 01F4      		brne .+2
 1256 0904 00C0      		rjmp .L210
 1257 0906 8039      		cpi r24,lo8(-112)
 1258 0908 01F0      		breq .+2
 1259 090a 00C0      		rjmp .L227
 1260 090c 8BB1      		in r24,43-32
 1261 090e 8F79      		andi r24,lo8(-97)
 1262 0910 00C0      		rjmp .L233
 1263               	.L236:
 1264 0912 8BB1      		in r24,43-32
 1265 0914 8066      		ori r24,lo8(96)
 1266               	.L233:
 1267 0916 8BB9      		out 43-32,r24
 1268 0918 0895      		ret
 1269               	.L209:
 1270 091a 0E94 0000 		call doDrive
 1271 091e 0895      		ret
 1272               	.L207:
 1273 0920 0E94 0000 		call doFollow
 1274 0924 0895      		ret
 1275               	.L206:
 1276 0926 2081      		ld r18,Z
 1277 0928 3181      		ldd r19,Z+1
 1278 092a 2115      		cp r18,__zero_reg__
 1279 092c 3105      		cpc r19,__zero_reg__
 1280 092e 01F4      		brne .L214
 1281 0930 8281      		ldd r24,Z+2
 1282 0932 9381      		ldd r25,Z+3
 1283 0934 892B      		or r24,r25
 1284 0936 01F4      		brne .L214
 1285 0938 8481      		ldd r24,Z+4
 1286 093a 8230      		cpi r24,lo8(2)
 1287 093c 01F0      		breq .L231
 1288               	.L215:
 1289 093e 89E1      		ldi r24,lo8(25)
 1290 0940 90E0      		ldi r25,hi8(25)
 1291 0942 9683      		std Z+6,r25
 1292 0944 8583      		std Z+5,r24
 1293 0946 82E0      		ldi r24,lo8(2)
 1294 0948 00C0      		rjmp .L230
 1295               	.L214:
 1296 094a 41E0      		ldi r20,hi8(500)
 1297 094c 243F      		cpi r18,lo8(500)
 1298 094e 3407      		cpc r19,r20
 1299 0950 01F4      		brne .L217
 1300 0952 8281      		ldd r24,Z+2
 1301 0954 9381      		ldd r25,Z+3
 1302 0956 4997      		sbiw r24,25
 1303 0958 00C0      		rjmp .L229
 1304               	.L217:
 1305 095a 275E      		subi r18,lo8(-(25))
 1306 095c 3F4F      		sbci r19,hi8(-(25))
 1307 095e 00C0      		rjmp .L228
 1308               	.L235:
 1309 0960 2081      		ld r18,Z
 1310 0962 3181      		ldd r19,Z+1
 1311 0964 2115      		cp r18,__zero_reg__
 1312 0966 3105      		cpc r19,__zero_reg__
 1313 0968 01F4      		brne .L218
 1314 096a 8281      		ldd r24,Z+2
 1315 096c 9381      		ldd r25,Z+3
 1316 096e 892B      		or r24,r25
 1317 0970 01F4      		brne .L218
 1318 0972 8481      		ldd r24,Z+4
 1319 0974 8130      		cpi r24,lo8(1)
 1320 0976 01F4      		brne .L219
 1321               	.L231:
 1322 0978 8581      		ldd r24,Z+5
 1323 097a 9681      		ldd r25,Z+6
 1324 097c 4996      		adiw r24,25
 1325 097e 9683      		std Z+6,r25
 1326 0980 8583      		std Z+5,r24
 1327 0982 00C0      		rjmp .L216
 1328               	.L219:
 1329 0984 89E1      		ldi r24,lo8(25)
 1330 0986 90E0      		ldi r25,hi8(25)
 1331 0988 9683      		std Z+6,r25
 1332 098a 8583      		std Z+5,r24
 1333 098c 81E0      		ldi r24,lo8(1)
 1334               	.L230:
 1335 098e 8483      		std Z+4,r24
 1336 0990 00C0      		rjmp .L216
 1337               	.L218:
 1338 0992 8281      		ldd r24,Z+2
 1339 0994 9381      		ldd r25,Z+3
 1340 0996 41E0      		ldi r20,hi8(500)
 1341 0998 843F      		cpi r24,lo8(500)
 1342 099a 9407      		cpc r25,r20
 1343 099c 01F4      		brne .L234
 1344 099e 2951      		subi r18,lo8(-(-25))
 1345 09a0 3040      		sbci r19,hi8(-(-25))
 1346               	.L228:
 1347 09a2 3183      		std Z+1,r19
 1348 09a4 2083      		st Z,r18
 1349 09a6 00C0      		rjmp .L216
 1350               	.L205:
 1351 09a8 1482      		std Z+4,__zero_reg__
 1352 09aa 1682      		std Z+6,__zero_reg__
 1353 09ac 1582      		std Z+5,__zero_reg__
 1354 09ae 8081      		ld r24,Z
 1355 09b0 9181      		ldd r25,Z+1
 1356 09b2 4996      		adiw r24,25
 1357 09b4 9183      		std Z+1,r25
 1358 09b6 8083      		st Z,r24
 1359 09b8 8281      		ldd r24,Z+2
 1360 09ba 9381      		ldd r25,Z+3
 1361               	.L234:
 1362 09bc 4996      		adiw r24,25
 1363               	.L229:
 1364 09be 9383      		std Z+3,r25
 1365 09c0 8283      		std Z+2,r24
 1366 09c2 00C0      		rjmp .L216
 1367               	.L210:
 1368 09c4 1182      		std Z+1,__zero_reg__
 1369 09c6 1082      		st Z,__zero_reg__
 1370 09c8 1382      		std Z+3,__zero_reg__
 1371 09ca 1282      		std Z+2,__zero_reg__
 1372 09cc 00C0      		rjmp .L216
 1373               	.L225:
 1374 09ce 84EF      		ldi r24,lo8(500)
 1375 09d0 91E0      		ldi r25,hi8(500)
 1376 09d2 9183      		std Z+1,r25
 1377 09d4 8083      		st Z,r24
 1378               	.L226:
 1379 09d6 8281      		ldd r24,Z+2
 1380 09d8 9381      		ldd r25,Z+3
 1381 09da 855F      		subi r24,lo8(501)
 1382 09dc 9140      		sbci r25,hi8(501)
 1383 09de 00F0      		brlo .L221
 1384 09e0 84EF      		ldi r24,lo8(500)
 1385 09e2 91E0      		ldi r25,hi8(500)
 1386 09e4 9383      		std Z+3,r25
 1387 09e6 8283      		std Z+2,r24
 1388               	.L221:
 1389 09e8 8481      		ldd r24,Z+4
 1390 09ea 8130      		cpi r24,lo8(1)
 1391 09ec 01F0      		breq .L223
 1392 09ee 8130      		cpi r24,lo8(1)
 1393 09f0 00F0      		brlo .L222
 1394 09f2 8230      		cpi r24,lo8(2)
 1395 09f4 01F4      		brne .L227
 1396 09f6 00C0      		rjmp .L237
 1397               	.L222:
 1398 09f8 6081      		ld r22,Z
 1399 09fa 7181      		ldd r23,Z+1
 1400 09fc 8281      		ldd r24,Z+2
 1401 09fe 9381      		ldd r25,Z+3
 1402 0a00 0E94 0000 		call driveDirect
 1403 0a04 0895      		ret
 1404               	.L223:
 1405 0a06 8581      		ldd r24,Z+5
 1406 0a08 9681      		ldd r25,Z+6
 1407 0a0a 61E0      		ldi r22,lo8(1)
 1408 0a0c 70E0      		ldi r23,hi8(1)
 1409 0a0e 00C0      		rjmp .L232
 1410               	.L237:
 1411 0a10 8581      		ldd r24,Z+5
 1412 0a12 9681      		ldd r25,Z+6
 1413 0a14 6FEF      		ldi r22,lo8(-1)
 1414 0a16 7FEF      		ldi r23,hi8(-1)
 1415               	.L232:
 1416 0a18 0E94 0000 		call drive
 1417 0a1c 0895      		ret
 1418               	.L216:
 1419 0a1e 8081      		ld r24,Z
 1420 0a20 9181      		ldd r25,Z+1
 1421 0a22 855F      		subi r24,lo8(501)
 1422 0a24 9140      		sbci r25,hi8(501)
 1423 0a26 00F4      		brsh .L225
 1424 0a28 00C0      		rjmp .L226
 1425               	.L227:
 1426 0a2a 0895      		ret
 1428               	.global	relayCommand
 1430               	relayCommand:
 1431 0a2c 1F93      		push r17
 1432               	/* prologue: function */
 1433               	/* frame size = 0 */
 1434 0a2e 11E0      		ldi r17,lo8(1)
 1435 0a30 00C0      		rjmp .L256
 1436               	.L247:
 1437 0a32 8091 0000 		lds r24,myport
 1438 0a36 0E94 0000 		call cm_read_char
 1439 0a3a 982F      		mov r25,r24
 1440 0a3c 8F3F      		cpi r24,lo8(-1)
 1441 0a3e 01F4      		brne .L240
 1442 0a40 8091 0000 		lds r24,prevVal
 1443 0a44 87FF      		sbrs r24,7
 1444 0a46 00C0      		rjmp .L241
 1445               	.L240:
 1446 0a48 8091 0000 		lds r24,localAck
 1447 0a4c 8823      		tst r24
 1448 0a4e 01F4      		brne .L242
 1449               	.L253:
 1450 0a50 8091 C000 		lds r24,192
 1451 0a54 85FF      		sbrs r24,5
 1452 0a56 00C0      		rjmp .L253
 1453 0a58 9093 C600 		sts 198,r25
 1454 0a5c 00C0      		rjmp .L241
 1455               	.L242:
 1456 0a5e 9130      		cpi r25,lo8(1)
 1457 0a60 01F0      		breq .L245
 1458 0a62 9230      		cpi r25,lo8(2)
 1459 0a64 01F4      		brne .L244
 1460 0a66 00C0      		rjmp .L257
 1461               	.L245:
 1462 0a68 5E98      		cbi 43-32,6
 1463 0a6a 00C0      		rjmp .L244
 1464               	.L257:
 1465 0a6c 5E9A      		sbi 43-32,6
 1466               	.L244:
 1467 0a6e 1092 0000 		sts localAck,__zero_reg__
 1468               	.L241:
 1469 0a72 9093 0000 		sts prevVal,r25
 1470 0a76 892F      		mov r24,r25
 1471 0a78 0E94 0000 		call checkLocalAck
 1472 0a7c 8823      		tst r24
 1473 0a7e 01F0      		breq .L256
 1474 0a80 1093 0000 		sts localAck,r17
 1475               	.L256:
 1476 0a84 8091 0000 		lds r24,myport
 1477 0a88 0E94 0000 		call cm_char_rdy
 1478 0a8c 8823      		tst r24
 1479 0a8e 01F4      		brne .L247
 1480 0a90 8091 0000 		lds r24,receiveIndex
 1481 0a94 8823      		tst r24
 1482 0a96 01F0      		breq .L251
 1483 0a98 10E0      		ldi r17,lo8(0)
 1484 0a9a 00C0      		rjmp .L249
 1485               	.L250:
 1486 0a9c 8091 0000 		lds r24,myport
 1487 0aa0 E12F      		mov r30,r17
 1488 0aa2 F0E0      		ldi r31,lo8(0)
 1489 0aa4 E050      		subi r30,lo8(-(receiveBuffer))
 1490 0aa6 F040      		sbci r31,hi8(-(receiveBuffer))
 1491 0aa8 6081      		ld r22,Z
 1492 0aaa 0E94 0000 		call cm_ByteXmt
 1493 0aae 1F5F      		subi r17,lo8(-(1))
 1494               	.L249:
 1495 0ab0 8091 0000 		lds r24,receiveIndex
 1496 0ab4 1817      		cp r17,r24
 1497 0ab6 00F0      		brlo .L250
 1498 0ab8 1092 0000 		sts receiveIndex,__zero_reg__
 1499               	.L251:
 1500               	/* epilogue start */
 1501 0abc 1F91      		pop r17
 1502 0abe 0895      		ret
 1504               	.global	timer_cnt
 1505               	.global	timer_cnt
 1506               		.section .bss
 1509               	timer_cnt:
 1510 0000 0000      		.skip 2,0
 1511               	.global	timer_on
 1512               	.global	timer_on
 1515               	timer_on:
 1516 0002 00        		.skip 1,0
 1517               	.global	receiveIndex
 1518               	.global	receiveIndex
 1521               	receiveIndex:
 1522 0003 00        		.skip 1,0
 1523               	.global	myport
 1524               	.global	myport
 1527               	myport:
 1528 0004 00        		.skip 1,0
 1529               	.global	prevVal
 1530               		.data
 1533               	prevVal:
 1534 0072 FF        		.byte	-1
 1535               	.global	localAckIndex
 1536               	.global	localAckIndex
 1537               		.section .bss
 1540               	localAckIndex:
 1541 0005 00        		.skip 1,0
 1542               	.global	localAck
 1543               	.global	localAck
 1546               	localAck:
 1547 0006 00        		.skip 1,0
 1548               	.global	doRelay
 1549               	.global	doRelay
 1552               	doRelay:
 1553 0007 00        		.skip 1,0
 1554               	.global	distance
 1555               	.global	distance
 1558               	distance:
 1559 0008 0000      		.skip 2,0
 1560               	.global	angle
 1561               	.global	angle
 1564               	angle:
 1565 000a 0000      		.skip 2,0
 1566               	.global	debugCount
 1567               	.global	debugCount
 1570               	debugCount:
 1571 000c 00        		.skip 1,0
 1572               	.global	servoTurned
 1573               	.global	servoTurned
 1576               	servoTurned:
 1577 000d 00        		.skip 1,0
 1578               	.global	sensors_flag
 1579               	.global	sensors_flag
 1582               	sensors_flag:
 1583 000e 00        		.skip 1,0
 1584               	.global	sensors_index
 1585               	.global	sensors_index
 1588               	sensors_index:
 1589 000f 00        		.skip 1,0
 1590               		.comm receiveBuffer,64,1
 1591               		.comm sensors_in,52,1
 1592               		.comm sensors,52,1
 1593               		.comm customSensors,4,1
 1594               	.global __do_copy_data
 1595               	.global __do_clear_bss
DEFINED SYMBOLS
                            *ABS*:00000000 cmcontrol.c
C:\DOCUME~1\kshaw\LOCALS~1\Temp/cctdpJXi.s:2      *ABS*:0000003f __SREG__
C:\DOCUME~1\kshaw\LOCALS~1\Temp/cctdpJXi.s:3      *ABS*:0000003e __SP_H__
C:\DOCUME~1\kshaw\LOCALS~1\Temp/cctdpJXi.s:4      *ABS*:0000003d __SP_L__
C:\DOCUME~1\kshaw\LOCALS~1\Temp/cctdpJXi.s:5      *ABS*:00000034 __CCP__
C:\DOCUME~1\kshaw\LOCALS~1\Temp/cctdpJXi.s:6      *ABS*:00000000 __tmp_reg__
C:\DOCUME~1\kshaw\LOCALS~1\Temp/cctdpJXi.s:7      *ABS*:00000001 __zero_reg__
C:\DOCUME~1\kshaw\LOCALS~1\Temp/cctdpJXi.s:11     .text:00000000 __vector_11
C:\DOCUME~1\kshaw\LOCALS~1\Temp/cctdpJXi.s:1509   .bss:00000000 timer_cnt
C:\DOCUME~1\kshaw\LOCALS~1\Temp/cctdpJXi.s:1515   .bss:00000002 timer_on
C:\DOCUME~1\kshaw\LOCALS~1\Temp/cctdpJXi.s:45     .text:00000040 __vector_18
C:\DOCUME~1\kshaw\LOCALS~1\Temp/cctdpJXi.s:1552   .bss:00000007 doRelay
C:\DOCUME~1\kshaw\LOCALS~1\Temp/cctdpJXi.s:1521   .bss:00000003 receiveIndex
                            *COM*:00000040 receiveBuffer
C:\DOCUME~1\kshaw\LOCALS~1\Temp/cctdpJXi.s:1582   .bss:0000000e sensors_flag
C:\DOCUME~1\kshaw\LOCALS~1\Temp/cctdpJXi.s:1588   .bss:0000000f sensors_index
                            *COM*:00000034 sensors_in
C:\DOCUME~1\kshaw\LOCALS~1\Temp/cctdpJXi.s:103    .text:000000b6 isBumped
                            *COM*:00000034 sensors
                            *COM*:00000004 customSensors
C:\DOCUME~1\kshaw\LOCALS~1\Temp/cctdpJXi.s:156    .text:00000124 drive
C:\DOCUME~1\kshaw\LOCALS~1\Temp/cctdpJXi.s:191    .text:00000166 driveDirect
C:\DOCUME~1\kshaw\LOCALS~1\Temp/cctdpJXi.s:226    .text:000001a8 byteTx
C:\DOCUME~1\kshaw\LOCALS~1\Temp/cctdpJXi.s:240    .text:000001b8 checkLocalAck
C:\DOCUME~1\kshaw\LOCALS~1\Temp/cctdpJXi.s:1540   .bss:00000005 localAckIndex
C:\DOCUME~1\kshaw\LOCALS~1\Temp/cctdpJXi.s:275    .text:000001f2 handleLocalCommand
C:\DOCUME~1\kshaw\LOCALS~1\Temp/cctdpJXi.s:1546   .bss:00000006 localAck
C:\DOCUME~1\kshaw\LOCALS~1\Temp/cctdpJXi.s:295    .text:00000208 i2cStop
C:\DOCUME~1\kshaw\LOCALS~1\Temp/cctdpJXi.s:305    .text:00000210 readIRSensor
C:\DOCUME~1\kshaw\LOCALS~1\Temp/cctdpJXi.s:325    .text:00000234 delayMs
C:\DOCUME~1\kshaw\LOCALS~1\Temp/cctdpJXi.s:354    .text:00000262 delay100us
C:\DOCUME~1\kshaw\LOCALS~1\Temp/cctdpJXi.s:370    .text:0000027a powerOnRobot
C:\DOCUME~1\kshaw\LOCALS~1\Temp/cctdpJXi.s:442    .text:00000304 baud
C:\DOCUME~1\kshaw\LOCALS~1\Temp/cctdpJXi.s:575    .text:000003e0 debugInt
C:\DOCUME~1\kshaw\LOCALS~1\Temp/cctdpJXi.s:1527   .bss:00000004 myport
C:\DOCUME~1\kshaw\LOCALS~1\Temp/cctdpJXi.s:619    .text:00000434 debug
C:\DOCUME~1\kshaw\LOCALS~1\Temp/cctdpJXi.s:634    .text:00000440 i2cReadByte
C:\DOCUME~1\kshaw\LOCALS~1\Temp/cctdpJXi.s:681    .text:00000496 i2cWriteByte
C:\DOCUME~1\kshaw\LOCALS~1\Temp/cctdpJXi.s:728    .text:000004f4 turnServo
C:\DOCUME~1\kshaw\LOCALS~1\Temp/cctdpJXi.s:1576   .bss:0000000d servoTurned
C:\DOCUME~1\kshaw\LOCALS~1\Temp/cctdpJXi.s:749    .text:0000050c readSensorInt
C:\DOCUME~1\kshaw\LOCALS~1\Temp/cctdpJXi.s:805    .text:0000057a delayAndUpdateSensors
C:\DOCUME~1\kshaw\LOCALS~1\Temp/cctdpJXi.s:1558   .bss:00000008 distance
C:\DOCUME~1\kshaw\LOCALS~1\Temp/cctdpJXi.s:1564   .bss:0000000a angle
C:\DOCUME~1\kshaw\LOCALS~1\Temp/cctdpJXi.s:929    .text:0000068a initSensorMod
C:\DOCUME~1\kshaw\LOCALS~1\Temp/cctdpJXi.s:961    .text:000006bc checkBump
C:\DOCUME~1\kshaw\LOCALS~1\Temp/cctdpJXi.s:1031   .text:0000073c initialize
C:\DOCUME~1\kshaw\LOCALS~1\Temp/cctdpJXi.s:1117   .text:000007ec main
C:\DOCUME~1\kshaw\LOCALS~1\Temp/cctdpJXi.s:1226   .text:000008d0 checkIr
C:\DOCUME~1\kshaw\LOCALS~1\Temp/cctdpJXi.s:1430   .text:00000a2c relayCommand
C:\DOCUME~1\kshaw\LOCALS~1\Temp/cctdpJXi.s:1533   .data:00000072 prevVal
C:\DOCUME~1\kshaw\LOCALS~1\Temp/cctdpJXi.s:1570   .bss:0000000c debugCount

UNDEFINED SYMBOLS
itoa
cm_send_line
cm_init_UART
doDrive
doFollow
cm_read_char
cm_char_rdy
cm_ByteXmt
__do_copy_data
__do_clear_bss
